Determining if the pthread_create exist failed with the following output:
Change Dir: /media/xplore/etienne_vol/Xplore/HD_workspace/build/CMakeFiles/CMakeTmp

Run Build Command:"/usr/bin/make" "cmTC_55e3e/fast"
/usr/bin/make -f CMakeFiles/cmTC_55e3e.dir/build.make CMakeFiles/cmTC_55e3e.dir/build
make[1]: Entering directory '/media/xplore/etienne_vol/Xplore/HD_workspace/build/CMakeFiles/CMakeTmp'
Building C object CMakeFiles/cmTC_55e3e.dir/CheckSymbolExists.c.o
/usr/bin/cc    -o CMakeFiles/cmTC_55e3e.dir/CheckSymbolExists.c.o   -c /media/xplore/etienne_vol/Xplore/HD_workspace/build/CMakeFiles/CMakeTmp/CheckSymbolExists.c
Linking C executable cmTC_55e3e
/usr/bin/cmake -E cmake_link_script CMakeFiles/cmTC_55e3e.dir/link.txt --verbose=1
/usr/bin/cc      -rdynamic CMakeFiles/cmTC_55e3e.dir/CheckSymbolExists.c.o  -o cmTC_55e3e 
CMakeFiles/cmTC_55e3e.dir/CheckSymbolExists.c.o: In function `main':
CheckSymbolExists.c:(.text+0x14): undefined reference to `pthread_create'
CheckSymbolExists.c:(.text+0x18): undefined reference to `pthread_create'
collect2: error: ld returned 1 exit status
CMakeFiles/cmTC_55e3e.dir/build.make:97: recipe for target 'cmTC_55e3e' failed
make[1]: *** [cmTC_55e3e] Error 1
make[1]: Leaving directory '/media/xplore/etienne_vol/Xplore/HD_workspace/build/CMakeFiles/CMakeTmp'
Makefile:126: recipe for target 'cmTC_55e3e/fast' failed
make: *** [cmTC_55e3e/fast] Error 2

File /media/xplore/etienne_vol/Xplore/HD_workspace/build/CMakeFiles/CMakeTmp/CheckSymbolExists.c:
/* */
#include <pthread.h>

int main(int argc, char** argv)
{
  (void)argv;
#ifndef pthread_create
  return ((int*)(&pthread_create))[argc];
#else
  (void)argc;
  return 0;
#endif
}

Determining if the function pthread_create exists in the pthreads failed with the following output:
Change Dir: /media/xplore/etienne_vol/Xplore/HD_workspace/build/CMakeFiles/CMakeTmp

Run Build Command:"/usr/bin/make" "cmTC_cdcea/fast"
/usr/bin/make -f CMakeFiles/cmTC_cdcea.dir/build.make CMakeFiles/cmTC_cdcea.dir/build
make[1]: Entering directory '/media/xplore/etienne_vol/Xplore/HD_workspace/build/CMakeFiles/CMakeTmp'
Building C object CMakeFiles/cmTC_cdcea.dir/CheckFunctionExists.c.o
/usr/bin/cc   -DCHECK_FUNCTION_EXISTS=pthread_create   -o CMakeFiles/cmTC_cdcea.dir/CheckFunctionExists.c.o   -c /usr/share/cmake-3.10/Modules/CheckFunctionExists.c
Linking C executable cmTC_cdcea
/usr/bin/cmake -E cmake_link_script CMakeFiles/cmTC_cdcea.dir/link.txt --verbose=1
/usr/bin/cc  -DCHECK_FUNCTION_EXISTS=pthread_create    -rdynamic CMakeFiles/cmTC_cdcea.dir/CheckFunctionExists.c.o  -o cmTC_cdcea -lpthreads 
/usr/bin/ld: cannot find -lpthreads
collect2: error: ld returned 1 exit status
CMakeFiles/cmTC_cdcea.dir/build.make:97: recipe for target 'cmTC_cdcea' failed
make[1]: *** [cmTC_cdcea] Error 1
make[1]: Leaving directory '/media/xplore/etienne_vol/Xplore/HD_workspace/build/CMakeFiles/CMakeTmp'
Makefile:126: recipe for target 'cmTC_cdcea/fast' failed
make: *** [cmTC_cdcea/fast] Error 2


